ltlcross {ltl3ba}ltldo 'ltl3ba -H2' -f %f > %O {ltl3tela_alt}ltl3tela -p1 -i1 -X1 -f %f | autfilt --high > %O {ltl3tela}ltl3tela -i1 -X1 -f %f > %O {ltl2tgba}ltl2tgba -G %f > %O -F /tmp/tmprk7b_8le --timeout=60 --automata --save-bogus=formulae/ictac19/lit.fgmopt.nonalt_bogus.ltl --no-checks --products=0 --csv=formulae/ictac19/lit.fgmopt.nonalt.csv
[03.02.2020 18:04:36]
=====================
/tmp/tmprk7b_8le:1: G((F(a)) & (F(G(b))))
Running [P0]: ltldo 'ltl3ba -H2' -f 'G((F(a)) & (F(G(b))))' > 'lcr-o0-N72NsP'
Running [P1]: ltl3tela -p1 -i1 -X1 -f 'G((F(a)) & (F(G(b))))' | autfilt --high > 'lcr-o1-MvpNbH'
Running [P2]: ltl3tela -i1 -X1 -f 'G((F(a)) & (F(G(b))))' > 'lcr-o2-C68rVy'
Running [P3]: ltl2tgba -G 'G((F(a)) & (F(G(b))))' > 'lcr-o3-T5d8Fq'
Gathering statistics...

/tmp/tmprk7b_8le:2: F((a) | (G(b)) | (G(c)) | (G(d)))
Running [P0]: ltldo 'ltl3ba -H2' -f 'F((a) | (G(b)) | (G(c)) | (G(d)))' > 'lcr-o0-lCWvri'
Running [P1]: ltl3tela -p1 -i1 -X1 -f 'F((a) | (G(b)) | (G(c)) | (G(d)))' | autfilt --high > 'lcr-o1-NHCYda'
Running [P2]: ltl3tela -i1 -X1 -f 'F((a) | (G(b)) | (G(c)) | (G(d)))' > 'lcr-o2-jhdd11'
Running [P3]: ltl2tgba -G 'F((a) | (G(b)) | (G(c)) | (G(d)))' > 'lcr-o3-7zbOQT'
Gathering statistics...

/tmp/tmprk7b_8le:3: F((G(b)) | (G(c)) | (G(d)) | (G(a)) | (G(e)))
Running [P0]: ltldo 'ltl3ba -H2' -f 'F((G(b)) | (G(c)) | (G(d)) | (G(a)) | (G(e)))' > 'lcr-o0-57GmHL'
Running [P1]: ltl3tela -p1 -i1 -X1 -f 'F((G(b)) | (G(c)) | (G(d)) | (G(a)) | (G(e)))' | autfilt --high > 'lcr-o1-z5Y1yD'
Running [P2]: ltl3tela -i1 -X1 -f 'F((G(b)) | (G(c)) | (G(d)) | (G(a)) | (G(e)))' > 'lcr-o2-GLqErv'
Running [P3]: ltl2tgba -G 'F((G(b)) | (G(c)) | (G(d)) | (G(a)) | (G(e)))' > 'lcr-o3-s7SsEn'
Gathering statistics...

/tmp/tmprk7b_8le:4: F((G(a)) | (G(F(b))))
Running [P0]: ltldo 'ltl3ba -H2' -f 'F((G(a)) | (G(F(b))))' > 'lcr-o0-xjslSf'
Running [P1]: ltl3tela -p1 -i1 -X1 -f 'F((G(a)) | (G(F(b))))' | autfilt --high > 'lcr-o1-N1O467'
Running [P2]: ltl3tela -i1 -X1 -f 'F((G(a)) | (G(F(b))))' > 'lcr-o2-jy2om0'
Running [P3]: ltl2tgba -G 'F((G(a)) | (G(F(b))))' > 'lcr-o3-Qx6zCS'
Gathering statistics...

/tmp/tmprk7b_8le:5: F((G((!(a)) & (!(b)))) | (G((F(a)) & (F(b)))))
Running [P0]: ltldo 'ltl3ba -H2' -f 'F((G((!(a)) & (!(b)))) | (G((F(a)) & (F(b)))))' > 'lcr-o0-5C9jTK'
Running [P1]: ltl3tela -p1 -i1 -X1 -f 'F((G((!(a)) & (!(b)))) | (G((F(a)) & (F(b)))))' | autfilt --high > 'lcr-o1-3QRYaD'
Running [P2]: ltl3tela -i1 -X1 -f 'F((G((!(a)) & (!(b)))) | (G((F(a)) & (F(b)))))' > 'lcr-o2-sQXetv'
Running [P3]: ltl2tgba -G 'F((G((!(a)) & (!(b)))) | (G((F(a)) & (F(b)))))' > 'lcr-o3-9t52Mn'
Gathering statistics...

/tmp/tmprk7b_8le:6: F((G(b)) | (G(a)))
Running [P0]: ltldo 'ltl3ba -H2' -f 'F((G(b)) | (G(a)))' > 'lcr-o0-wrLw7f'
Running [P1]: ltl3tela -p1 -i1 -X1 -f 'F((G(b)) | (G(a)))' | autfilt --high > 'lcr-o1-GWgVs8'
Running [P2]: ltl3tela -i1 -X1 -f 'F((G(b)) | (G(a)))' > 'lcr-o2-dGQWO0'
Running [P3]: ltl2tgba -G 'F((G(b)) | (G(a)))' > 'lcr-o3-rurPbT'
Gathering statistics...

/tmp/tmprk7b_8le:7: G((F(a)) & (F(b)) & (F(G(c))))
Running [P0]: ltldo 'ltl3ba -H2' -f 'G((F(a)) & (F(b)) & (F(G(c))))' > 'lcr-o0-32gszL'
Running [P1]: ltl3tela -p1 -i1 -X1 -f 'G((F(a)) & (F(b)) & (F(G(c))))' | autfilt --high > 'lcr-o1-1YpdYD'
Running [P2]: ltl3tela -i1 -X1 -f 'G((F(a)) & (F(b)) & (F(G(c))))' > 'lcr-o2-8KNEnw'
Running [P3]: ltl2tgba -G 'G((F(a)) & (F(b)) & (F(G(c))))' > 'lcr-o3-APy1Oo'
Gathering statistics...

/tmp/tmprk7b_8le:8: F(G(a))
Running [P0]: ltldo 'ltl3ba -H2' -f 'F(G(a))' > 'lcr-o0-1hcchh'
Running [P1]: ltl3tela -p1 -i1 -X1 -f 'F(G(a))' | autfilt --high > 'lcr-o1-34foK9'
Running [P2]: ltl3tela -i1 -X1 -f 'F(G(a))' > 'lcr-o2-mcvfe2'
Running [P3]: ltl2tgba -G 'F(G(a))' > 'lcr-o3-9ezCIU'
Gathering statistics...

/tmp/tmprk7b_8le:9: F((G((a) & (b))) | (G((b) & (c))))
Running [P0]: ltldo 'ltl3ba -H2' -f 'F((G((a) & (b))) | (G((b) & (c))))' > 'lcr-o0-Z7RCdN'
Running [P1]: ltl3tela -p1 -i1 -X1 -f 'F((G((a) & (b))) | (G((b) & (c))))' | autfilt --high > 'lcr-o1-XbjJJF'
Running [P2]: ltl3tela -i1 -X1 -f 'F((G((a) & (b))) | (G((b) & (c))))' > 'lcr-o2-wkOygy'
Running [P3]: ltl2tgba -G 'F((G((a) & (b))) | (G((b) & (c))))' > 'lcr-o3-3VzDOq'
Gathering statistics...

/tmp/tmprk7b_8le:10: F((G(a)) | (G(!(a))))
Running [P0]: ltldo 'ltl3ba -H2' -f 'F((G(a)) | (G(!(a))))' > 'lcr-o0-0swvnj'
Running [P1]: ltl3tela -p1 -i1 -X1 -f 'F((G(a)) | (G(!(a))))' | autfilt --high > 'lcr-o1-LM7uXb'
Running [P2]: ltl3tela -i1 -X1 -f 'F((G(a)) | (G(!(a))))' > 'lcr-o2-zZjay4'
Running [P3]: ltl2tgba -G 'F((G(a)) | (G(!(a))))' > 'lcr-o3-rOrB9W'
Gathering statistics...

/tmp/tmprk7b_8le:11: G((a) & (F(b)) & (F(c)) & (F(d)))
Running [P0]: ltldo 'ltl3ba -H2' -f 'G((a) & (F(b)) & (F(c)) & (F(d)))' > 'lcr-o0-CCBKLP'
Running [P1]: ltl3tela -p1 -i1 -X1 -f 'G((a) & (F(b)) & (F(c)) & (F(d)))' | autfilt --high > 'lcr-o1-aeZXoI'
Running [P2]: ltl3tela -i1 -X1 -f 'G((a) & (F(b)) & (F(c)) & (F(d)))' > 'lcr-o2-U5IS2A'
Running [P3]: ltl2tgba -G 'G((a) & (F(b)) & (F(c)) & (F(d)))' > 'lcr-o3-B0p1It'
Gathering statistics...

/tmp/tmprk7b_8le:12: G((F(a)) & (F(b)) & (F(c)) & (F(d)) & (F(e)))
Running [P0]: ltldo 'ltl3ba -H2' -f 'G((F(a)) & (F(b)) & (F(c)) & (F(d)) & (F(e)))' > 'lcr-o0-fVrVpm'
Running [P1]: ltl3tela -p1 -i1 -X1 -f 'G((F(a)) & (F(b)) & (F(c)) & (F(d)) & (F(e)))' | autfilt --high > 'lcr-o1-hugV7e'
Running [P2]: ltl3tela -i1 -X1 -f 'G((F(a)) & (F(b)) & (F(c)) & (F(d)) & (F(e)))' > 'lcr-o2-TrDCX7'
Running [P3]: ltl2tgba -G 'G((F(a)) & (F(b)) & (F(c)) & (F(d)) & (F(e)))' > 'lcr-o3-AdAH70'
Gathering statistics...

/tmp/tmprk7b_8le:13: (G((F(a)) & (F(G(!(b)))))) | (G((F(b)) & (F(G(!(a))))))
Running [P0]: ltldo 'ltl3ba -H2' -f '(G((F(a)) & (F(G(!(b)))))) | (G((F(b)) & (F(G(!(a))))))' > 'lcr-o0-XLmOiU'
Running [P1]: ltl3tela -p1 -i1 -X1 -f '(G((F(a)) & (F(G(!(b)))))) | (G((F(b)) & (F(G(!(a))))))' | autfilt --high > 'lcr-o1-Z6sTuN'
Running [P2]: ltl3tela -i1 -X1 -f '(G((F(a)) & (F(G(!(b)))))) | (G((F(b)) & (F(G(!(a))))))' > 'lcr-o2-X4pGHG'
Running [P3]: ltl2tgba -G '(G((F(a)) & (F(G(!(b)))))) | (G((F(b)) & (F(G(!(a))))))' > 'lcr-o3-V4cBWz'
Gathering statistics...

/tmp/tmprk7b_8le:14: G((F(a)) & (F(b)))
Running [P0]: ltldo 'ltl3ba -H2' -f 'G((F(a)) & (F(b)))' > 'lcr-o0-DLMcct'
Running [P1]: ltl3tela -p1 -i1 -X1 -f 'G((F(a)) & (F(b)))' | autfilt --high > 'lcr-o1-aIgLsm'
Running [P2]: ltl3tela -i1 -X1 -f 'G((F(a)) & (F(b)))' > 'lcr-o2-MaKVJf'
Running [P3]: ltl2tgba -G 'G((F(a)) & (F(b)))' > 'lcr-o3-1QRX18'
Gathering statistics...

/tmp/tmprk7b_8le:15: F((G(b)) | (G(a)) | (G(F(c))))
Running [P0]: ltldo 'ltl3ba -H2' -f 'F((G(b)) | (G(a)) | (G(F(c))))' > 'lcr-o0-VYsBk2'
Running [P1]: ltl3tela -p1 -i1 -X1 -f 'F((G(b)) | (G(a)) | (G(F(c))))' | autfilt --high > 'lcr-o1-q3EdEV'
Running [P2]: ltl3tela -i1 -X1 -f 'F((G(b)) | (G(a)) | (G(F(c))))' > 'lcr-o2-wb1xYO'
Running [P3]: ltl2tgba -G 'F((G(b)) | (G(a)) | (G(F(c))))' > 'lcr-o3-T0bFkI'
Gathering statistics...

/tmp/tmprk7b_8le:16: G(F(a))
Running [P0]: ltldo 'ltl3ba -H2' -f 'G(F(a))' > 'lcr-o0-UIDwHB'
Running [P1]: ltl3tela -p1 -i1 -X1 -f 'G(F(a))' | autfilt --high > 'lcr-o1-LLnn5u'
Running [P2]: ltl3tela -i1 -X1 -f 'G(F(a))' > 'lcr-o2-oZZQto'
Running [P3]: ltl2tgba -G 'G(F(a))' > 'lcr-o3-9AjPSh'
Gathering statistics...

/tmp/tmprk7b_8le:17: G((F((a) | (b))) & (F((b) | (c))))
Running [P0]: ltldo 'ltl3ba -H2' -f 'G((F((a) | (b))) & (F((b) | (c))))' > 'lcr-o0-8GSlib'
Running [P1]: ltl3tela -p1 -i1 -X1 -f 'G((F((a) | (b))) & (F((b) | (c))))' | autfilt --high > 'lcr-o1-78zQI4'
Running [P2]: ltl3tela -i1 -X1 -f 'G((F((a) | (b))) & (F((b) | (c))))' > 'lcr-o2-qsiY9X'
Running [P3]: ltl2tgba -G 'G((F((a) | (b))) & (F((b) | (c))))' > 'lcr-o3-clt6BR'
Gathering statistics...

/tmp/tmprk7b_8le:18: G((F(a)) & (F(!(a))))
Running [P0]: ltldo 'ltl3ba -H2' -f 'G((F(a)) & (F(!(a))))' > 'lcr-o0-gQZR4K'
Running [P1]: ltl3tela -p1 -i1 -X1 -f 'G((F(a)) & (F(!(a))))' | autfilt --high > 'lcr-o1-7oOCyE'
Running [P2]: ltl3tela -i1 -X1 -f 'G((F(a)) & (F(!(a))))' > 'lcr-o2-GFE02x'
Running [P3]: ltl2tgba -G 'G((F(a)) & (F(!(a))))' > 'lcr-o3-Csp8xr'
Gathering statistics...

No problem detected.
0
